# JRE version: Java(TM) SE Runtime Environment (15.0.1+9) (build 15.0.1+9-18)
# Java VM: Java HotSpot(TM) 64-Bit Server VM (15.0.1+9-18, mixed mode, sharing, tiered, compressed oops, g1 gc, windows-amd64)
GC Precious Log:
 CPUs: 4 total, 4 available
 Memory: 15318M
 Large Page Support: Disabled
 NUMA Support: Disabled
 Compressed Oops: Enabled (32-bit)
 Heap Region Size: 1M
 Heap Min Capacity: 256M
 Heap Initial Capacity: 256M
 Heap Max Capacity: 512M
 Pre-touch: Disabled
 Parallel Workers: 4
 Concurrent Workers: 1
 Concurrent Refinement Workers: 4
 Periodic GC: Disabled
Heap:
 garbage-first heap   total 262144K, used 135911K [0x00000000e0000000, 0x0000000100000000)
  region size 1024K, 48 young (49152K), 1 survivors (1024K)
 Metaspace       used 70599K, capacity 71994K, committed 72348K, reserved 317440K
  class space    used 8966K, capacity 9403K, committed 9548K, reserved 253952K
GC Heap History (20 events):
Event: 2875.371 GC heap before
{Heap before GC invocations=19 (full 0):
 garbage-first heap   total 262144K, used 202974K [0x00000000e0000000, 0x0000000100000000)
  region size 1024K, 95 young (97280K), 6 survivors (6144K)
 Metaspace       used 69849K, capacity 71157K, committed 71196K, reserved 317440K
  class space    used 8956K, capacity 9392K, committed 9420K, reserved 253952K
}
Event: 2875.385 GC heap after
{Heap after GC invocations=20 (full 0):
 garbage-first heap   total 262144K, used 112736K [0x00000000e0000000, 0x0000000100000000)
  region size 1024K, 8 young (8192K), 8 survivors (8192K)
 Metaspace       used 69849K, capacity 71157K, committed 71196K, reserved 317440K
  class space    used 8956K, capacity 9392K, committed 9420K, reserved 253952K
}
Event: 2879.370 GC heap before
{Heap before GC invocations=20 (full 0):
 garbage-first heap   total 262144K, used 203872K [0x00000000e0000000, 0x0000000100000000)
  region size 1024K, 98 young (100352K), 8 survivors (8192K)
 Metaspace       used 70048K, capacity 71416K, committed 71452K, reserved 317440K
  class space    used 8957K, capacity 9393K, committed 9420K, reserved 253952K
}
Event: 2879.382 GC heap after
{Heap after GC invocations=21 (full 0):
 garbage-first heap   total 262144K, used 116571K [0x00000000e0000000, 0x0000000100000000)
  region size 1024K, 10 young (10240K), 10 survivors (10240K)
 Metaspace       used 70048K, capacity 71416K, committed 71452K, reserved 317440K
  class space    used 8957K, capacity 9393K, committed 9420K, reserved 253952K
}
Event: 2882.357 GC heap before
{Heap before GC invocations=21 (full 0):
 garbage-first heap   total 262144K, used 206683K [0x00000000e0000000, 0x0000000100000000)
  region size 1024K, 99 young (101376K), 10 survivors (10240K)
 Metaspace       used 70081K, capacity 71480K, committed 71708K, reserved 317440K
  class space    used 8957K, capacity 9393K, committed 9420K, reserved 253952K
}
Event: 2882.389 GC heap after
{Heap after GC invocations=22 (full 0):
 garbage-first heap   total 262144K, used 121499K [0x00000000e0000000, 0x0000000100000000)
  region size 1024K, 12 young (12288K), 12 survivors (12288K)
 Metaspace       used 70081K, capacity 71480K, committed 71708K, reserved 317440K
  class space    used 8957K, capacity 9393K, committed 9420K, reserved 253952K
}
Event: 2949.713 GC heap before
{Heap before GC invocations=22 (full 0):
 garbage-first heap   total 262144K, used 211611K [0x00000000e0000000, 0x0000000100000000)
  region size 1024K, 97 young (99328K), 12 survivors (12288K)
 Metaspace       used 70177K, capacity 71608K, committed 71708K, reserved 317440K
  class space    used 8957K, capacity 9393K, committed 9420K, reserved 253952K
}
Event: 2949.728 GC heap after
{Heap after GC invocations=23 (full 0):
 garbage-first heap   total 262144K, used 115291K [0x00000000e0000000, 0x0000000100000000)
  region size 1024K, 5 young (5120K), 5 survivors (5120K)
 Metaspace       used 70177K, capacity 71608K, committed 71708K, reserved 317440K
  class space    used 8957K, capacity 9393K, committed 9420K, reserved 253952K
}
Event: 3489.471 GC heap before
{Heap before GC invocations=23 (full 0):
 garbage-first heap   total 262144K, used 207451K [0x00000000e0000000, 0x0000000100000000)
  region size 1024K, 96 young (98304K), 5 survivors (5120K)
 Metaspace       used 70399K, capacity 71807K, committed 71964K, reserved 317440K
  class space    used 8971K, capacity 9420K, committed 9420K, reserved 253952K
}
Event: 3489.502 GC heap after
{Heap after GC invocations=24 (full 0):
 garbage-first heap   total 262144K, used 126866K [0x00000000e0000000, 0x0000000100000000)
  region size 1024K, 12 young (12288K), 12 survivors (12288K)
 Metaspace       used 70399K, capacity 71807K, committed 71964K, reserved 317440K
  class space    used 8971K, capacity 9420K, committed 9420K, reserved 253952K
}
Event: 3491.788 GC heap before
{Heap before GC invocations=24 (full 0):
 garbage-first heap   total 262144K, used 204690K [0x00000000e0000000, 0x0000000100000000)
  region size 1024K, 89 young (91136K), 12 survivors (12288K)
 Metaspace       used 70476K, capacity 71931K, committed 72092K, reserved 317440K
  class space    used 8980K, capacity 9437K, committed 9548K, reserved 253952K
}
Event: 3491.827 GC heap after
{Heap after GC invocations=25 (full 0):
 garbage-first heap   total 262144K, used 130942K [0x00000000e0000000, 0x0000000100000000)
  region size 1024K, 11 young (11264K), 11 survivors (11264K)
 Metaspace       used 70476K, capacity 71931K, committed 72092K, reserved 317440K
  class space    used 8980K, capacity 9437K, committed 9548K, reserved 253952K
}
Event: 3494.421 GC heap before
{Heap before GC invocations=25 (full 0):
 garbage-first heap   total 262144K, used 203646K [0x00000000e0000000, 0x0000000100000000)
  region size 1024K, 83 young (84992K), 11 survivors (11264K)
 Metaspace       used 70531K, capacity 71995K, committed 72348K, reserved 317440K
  class space    used 8980K, capacity 9437K, committed 9548K, reserved 253952K
}
Event: 3494.466 GC heap after
{Heap after GC invocations=26 (full 0):
 garbage-first heap   total 262144K, used 139626K [0x00000000e0000000, 0x0000000100000000)
  region size 1024K, 10 young (10240K), 10 survivors (10240K)
 Metaspace       used 70531K, capacity 71995K, committed 72348K, reserved 317440K
  class space    used 8980K, capacity 9437K, committed 9548K, reserved 253952K
}
Event: 3554.826 GC heap before
{Heap before GC invocations=27 (full 0):
 garbage-first heap   total 262144K, used 199018K [0x00000000e0000000, 0x0000000100000000)
  region size 1024K, 75 young (76800K), 10 survivors (10240K)
 Metaspace       used 70535K, capacity 71910K, committed 72348K, reserved 317440K
  class space    used 8961K, capacity 9396K, committed 9548K, reserved 253952K
}
Event: 3554.841 GC heap after
{Heap after GC invocations=28 (full 0):
 garbage-first heap   total 262144K, used 128017K [0x00000000e0000000, 0x0000000100000000)
  region size 1024K, 6 young (6144K), 6 survivors (6144K)
 Metaspace       used 70535K, capacity 71910K, committed 72348K, reserved 317440K
  class space    used 8961K, capacity 9396K, committed 9548K, reserved 253952K
}
Event: 3554.985 GC heap before
{Heap before GC invocations=28 (full 0):
 garbage-first heap   total 262144K, used 134161K [0x00000000e0000000, 0x0000000100000000)
  region size 1024K, 12 young (12288K), 6 survivors (6144K)
 Metaspace       used 70549K, capacity 71916K, committed 72348K, reserved 317440K
  class space    used 8961K, capacity 9397K, committed 9548K, reserved 253952K
}
Event: 3555.016 GC heap after
{Heap after GC invocations=29 (full 0):
 garbage-first heap   total 262144K, used 103071K [0x00000000e0000000, 0x0000000100000000)
  region size 1024K, 1 young (1024K), 1 survivors (1024K)
 Metaspace       used 70549K, capacity 71916K, committed 72348K, reserved 317440K
  class space    used 8961K, capacity 9397K, committed 9548K, reserved 253952K
}
Event: 3555.116 GC heap before
{Heap before GC invocations=29 (full 0):
 garbage-first heap   total 262144K, used 114335K [0x00000000e0000000, 0x0000000100000000)
  region size 1024K, 12 young (12288K), 1 survivors (1024K)
 Metaspace       used 70555K, capacity 71916K, committed 72348K, reserved 317440K
  class space    used 8961K, capacity 9397K, committed 9548K, reserved 253952K
}
Event: 3555.182 GC heap after
{Heap after GC invocations=30 (full 0):
 garbage-first heap   total 262144K, used 87783K [0x00000000e0000000, 0x0000000100000000)
  region size 1024K, 1 young (1024K), 1 survivors (1024K)
 Metaspace       used 70555K, capacity 71916K, committed 72348K, reserved 317440K
  class space    used 8961K, capacity 9397K, committed 9548K, reserved 253952K
}

