# JRE version: Java(TM) SE Runtime Environment (15.0.1+9) (build 15.0.1+9-18)
# Java VM: Java HotSpot(TM) 64-Bit Server VM (15.0.1+9-18, mixed mode, sharing, tiered, compressed oops, g1 gc, windows-amd64)
GC Precious Log:
 CPUs: 4 total, 4 available
 Memory: 15318M
 Large Page Support: Disabled
 NUMA Support: Disabled
 Compressed Oops: Enabled (32-bit)
 Heap Region Size: 1M
 Heap Min Capacity: 8M
 Heap Initial Capacity: 240M
 Heap Max Capacity: 512M
 Pre-touch: Disabled
 Parallel Workers: 4
 Concurrent Workers: 1
 Concurrent Refinement Workers: 4
 Periodic GC: Disabled
Heap:
 garbage-first heap   total 63488K, used 31291K [0x00000000e0000000, 0x0000000100000000)
  region size 1024K, 9 young (9216K), 2 survivors (2048K)
 Metaspace       used 43495K, capacity 43951K, committed 44160K, reserved 1087488K
  class space    used 5535K, capacity 5662K, committed 5760K, reserved 1048576K
GC Heap History (20 events):
Event: 101.847 GC heap before
{Heap before GC invocations=36 (full 0):
 garbage-first heap   total 63488K, used 37424K [0x00000000e0000000, 0x0000000100000000)
  region size 1024K, 3 young (3072K), 2 survivors (2048K)
 Metaspace       used 40508K, capacity 40908K, committed 41216K, reserved 1085440K
  class space    used 5225K, capacity 5343K, committed 5376K, reserved 1048576K
}
Event: 101.858 GC heap after
{Heap after GC invocations=37 (full 0):
 garbage-first heap   total 63488K, used 30643K [0x00000000e0000000, 0x0000000100000000)
  region size 1024K, 1 young (1024K), 1 survivors (1024K)
 Metaspace       used 40508K, capacity 40908K, committed 41216K, reserved 1085440K
  class space    used 5225K, capacity 5343K, committed 5376K, reserved 1048576K
}
Event: 103.849 GC heap before
{Heap before GC invocations=37 (full 0):
 garbage-first heap   total 63488K, used 47027K [0x00000000e0000000, 0x0000000100000000)
  region size 1024K, 17 young (17408K), 1 survivors (1024K)
 Metaspace       used 41318K, capacity 41716K, committed 41856K, reserved 1085440K
  class space    used 5299K, capacity 5417K, committed 5504K, reserved 1048576K
}
Event: 103.855 GC heap after
{Heap after GC invocations=38 (full 0):
 garbage-first heap   total 63488K, used 31297K [0x00000000e0000000, 0x0000000100000000)
  region size 1024K, 1 young (1024K), 1 survivors (1024K)
 Metaspace       used 41318K, capacity 41716K, committed 41856K, reserved 1085440K
  class space    used 5299K, capacity 5417K, committed 5504K, reserved 1048576K
}
Event: 107.790 GC heap before
{Heap before GC invocations=39 (full 0):
 garbage-first heap   total 63488K, used 44609K [0x00000000e0000000, 0x0000000100000000)
  region size 1024K, 18 young (18432K), 1 survivors (1024K)
 Metaspace       used 41370K, capacity 41801K, committed 42112K, reserved 1085440K
  class space    used 5302K, capacity 5422K, committed 5504K, reserved 1048576K
}
Event: 107.794 GC heap after
{Heap after GC invocations=40 (full 0):
 garbage-first heap   total 63488K, used 28298K [0x00000000e0000000, 0x0000000100000000)
  region size 1024K, 1 young (1024K), 1 survivors (1024K)
 Metaspace       used 41370K, capacity 41801K, committed 42112K, reserved 1085440K
  class space    used 5302K, capacity 5422K, committed 5504K, reserved 1048576K
}
Event: 108.064 GC heap before
{Heap before GC invocations=40 (full 0):
 garbage-first heap   total 63488K, used 30346K [0x00000000e0000000, 0x0000000100000000)
  region size 1024K, 3 young (3072K), 1 survivors (1024K)
 Metaspace       used 41372K, capacity 41801K, committed 42112K, reserved 1085440K
  class space    used 5302K, capacity 5422K, committed 5504K, reserved 1048576K
}
Event: 108.074 GC heap after
{Heap after GC invocations=41 (full 0):
 garbage-first heap   total 63488K, used 24229K [0x00000000e0000000, 0x0000000100000000)
  region size 1024K, 1 young (1024K), 1 survivors (1024K)
 Metaspace       used 41372K, capacity 41801K, committed 42112K, reserved 1085440K
  class space    used 5302K, capacity 5422K, committed 5504K, reserved 1048576K
}
Event: 111.747 GC heap before
{Heap before GC invocations=41 (full 0):
 garbage-first heap   total 63488K, used 47781K [0x00000000e0000000, 0x0000000100000000)
  region size 1024K, 24 young (24576K), 1 survivors (1024K)
 Metaspace       used 41465K, capacity 41928K, committed 42112K, reserved 1085440K
  class space    used 5310K, capacity 5436K, committed 5504K, reserved 1048576K
}
Event: 111.749 GC heap after
{Heap after GC invocations=42 (full 0):
 garbage-first heap   total 63488K, used 24278K [0x00000000e0000000, 0x0000000100000000)
  region size 1024K, 1 young (1024K), 1 survivors (1024K)
 Metaspace       used 41465K, capacity 41928K, committed 42112K, reserved 1085440K
  class space    used 5310K, capacity 5436K, committed 5504K, reserved 1048576K
}
Event: 114.952 GC heap before
{Heap before GC invocations=42 (full 0):
 garbage-first heap   total 63488K, used 48854K [0x00000000e0000000, 0x0000000100000000)
  region size 1024K, 25 young (25600K), 1 survivors (1024K)
 Metaspace       used 41488K, capacity 41928K, committed 42112K, reserved 1085440K
  class space    used 5310K, capacity 5436K, committed 5504K, reserved 1048576K
}
Event: 114.956 GC heap after
{Heap after GC invocations=43 (full 0):
 garbage-first heap   total 63488K, used 24279K [0x00000000e0000000, 0x0000000100000000)
  region size 1024K, 1 young (1024K), 1 survivors (1024K)
 Metaspace       used 41488K, capacity 41928K, committed 42112K, reserved 1085440K
  class space    used 5310K, capacity 5436K, committed 5504K, reserved 1048576K
}
Event: 118.214 GC heap before
{Heap before GC invocations=43 (full 0):
 garbage-first heap   total 63488K, used 48855K [0x00000000e0000000, 0x0000000100000000)
  region size 1024K, 26 young (26624K), 1 survivors (1024K)
 Metaspace       used 43364K, capacity 43816K, committed 44160K, reserved 1087488K
  class space    used 5533K, capacity 5660K, committed 5760K, reserved 1048576K
}
Event: 118.218 GC heap after
{Heap after GC invocations=44 (full 0):
 garbage-first heap   total 63488K, used 24885K [0x00000000e0000000, 0x0000000100000000)
  region size 1024K, 1 young (1024K), 1 survivors (1024K)
 Metaspace       used 43364K, capacity 43816K, committed 44160K, reserved 1087488K
  class space    used 5533K, capacity 5660K, committed 5760K, reserved 1048576K
}
Event: 122.118 GC heap before
{Heap before GC invocations=44 (full 0):
 garbage-first heap   total 63488K, used 51509K [0x00000000e0000000, 0x0000000100000000)
  region size 1024K, 27 young (27648K), 1 survivors (1024K)
 Metaspace       used 43424K, capacity 43886K, committed 44160K, reserved 1087488K
  class space    used 5535K, capacity 5662K, committed 5760K, reserved 1048576K
}
Event: 122.121 GC heap after
{Heap after GC invocations=45 (full 0):
 garbage-first heap   total 63488K, used 25020K [0x00000000e0000000, 0x0000000100000000)
  region size 1024K, 1 young (1024K), 1 survivors (1024K)
 Metaspace       used 43424K, capacity 43886K, committed 44160K, reserved 1087488K
  class space    used 5535K, capacity 5662K, committed 5760K, reserved 1048576K
}
Event: 125.345 GC heap before
{Heap before GC invocations=45 (full 0):
 garbage-first heap   total 63488K, used 51644K [0x00000000e0000000, 0x0000000100000000)
  region size 1024K, 27 young (27648K), 1 survivors (1024K)
 Metaspace       used 43448K, capacity 43887K, committed 44160K, reserved 1087488K
  class space    used 5535K, capacity 5662K, committed 5760K, reserved 1048576K
}
Event: 125.350 GC heap after
{Heap after GC invocations=46 (full 0):
 garbage-first heap   total 63488K, used 25048K [0x00000000e0000000, 0x0000000100000000)
  region size 1024K, 1 young (1024K), 1 survivors (1024K)
 Metaspace       used 43448K, capacity 43887K, committed 44160K, reserved 1087488K
  class space    used 5535K, capacity 5662K, committed 5760K, reserved 1048576K
}
Event: 129.180 GC heap before
{Heap before GC invocations=46 (full 0):
 garbage-first heap   total 63488K, used 52696K [0x00000000e0000000, 0x0000000100000000)
  region size 1024K, 28 young (28672K), 1 survivors (1024K)
 Metaspace       used 43489K, capacity 43951K, committed 44160K, reserved 1087488K
  class space    used 5535K, capacity 5662K, committed 5760K, reserved 1048576K
}
Event: 129.186 GC heap after
{Heap after GC invocations=47 (full 0):
 garbage-first heap   total 63488K, used 25147K [0x00000000e0000000, 0x0000000100000000)
  region size 1024K, 2 young (2048K), 2 survivors (2048K)
 Metaspace       used 43489K, capacity 43951K, committed 44160K, reserved 1087488K
  class space    used 5535K, capacity 5662K, committed 5760K, reserved 1048576K
}

